{
  "stats": {
    "suites": 2,
    "tests": 2,
    "passes": 2,
    "pending": 0,
    "failures": 0,
    "start": "2024-03-13T07:34:28.993Z",
    "end": "2024-03-13T07:34:39.453Z",
    "duration": 10460,
    "testsRegistered": 2,
    "passPercent": 100,
    "pendingPercent": 0,
    "other": 0,
    "hasOther": false,
    "skipped": 0,
    "hasSkipped": false
  },
  "results": [
    {
      "uuid": "15bfc075-d068-425f-ba94-c61e9c898ea2",
      "title": "",
      "fullFile": "",
      "file": "",
      "beforeHooks": [],
      "afterHooks": [],
      "tests": [],
      "suites": [
        {
          "uuid": "21b00bec-fa12-4ce4-8a2e-cd6e0b5294f1",
          "title": "add Second todo tests",
          "fullFile": "D:\\@MILK\\5. WORK\\GJW\\Git\\lambda\\test\\secondTest.js",
          "file": "\\test\\secondTest.js",
          "beforeHooks": [],
          "afterHooks": [],
          "tests": [
            {
              "title": "successfully add a todo to application",
              "fullTitle": "add Second todo tests successfully add a todo to application",
              "timedOut": null,
              "duration": 7439,
              "state": "passed",
              "speed": "slow",
              "pass": true,
              "fail": false,
              "pending": false,
              "context": null,
              "code": "//launch the browser\nlet driver =await new Builder().forBrowser(\"firefox\").build();\n\n//navigate to our application\nawait driver.get(\"https://lambdatest.github.io/sample-todo-app/\")\n//add a todo\nawait driver.findElement(By.id(\"sampletodotext\")).sendKeys(\"Sab learns Selenium\", Key.RETURN);\n//assert\nlet todoText = await driver.findElement(By.css(\"ul>li:last-child\")).getText().then(function(value){\n    return value\n});\n//assert using node assertion\nassert.strictEqual(todoText,\"Sab learns Selenium\");\n//assert using chai should\n//todoText.should.equal(\"Sab learn Selenium\");\n//close the browser\nawait driver.quit();",
              "err": {},
              "uuid": "fac3c9b5-0df9-4983-86bd-6d8ff55f929d",
              "parentUUID": null,
              "isHook": false,
              "skipped": false
            }
          ],
          "suites": [],
          "passes": [
            "fac3c9b5-0df9-4983-86bd-6d8ff55f929d"
          ],
          "failures": [],
          "pending": [],
          "skipped": [],
          "duration": 7439,
          "root": false,
          "rootEmpty": false,
          "_timeout": null
        },
        {
          "uuid": "017e2e11-1127-488e-b301-21bee77ce874",
          "title": "add todo tests",
          "fullFile": "D:\\@MILK\\5. WORK\\GJW\\Git\\lambda\\test\\firstTest.js",
          "file": "\\test\\firstTest.js",
          "beforeHooks": [
            {
              "title": "\"before each\" hook in \"add todo tests\"",
              "fullTitle": "add todo tests \"before each\" hook in \"add todo tests\"",
              "timedOut": null,
              "duration": 3,
              "state": null,
              "speed": null,
              "pass": false,
              "fail": false,
              "pending": null,
              "context": null,
              "code": "//ltCapabilities.capabilities.name = this.currentTest.title;\ndriver = new Builder()\n.usingServer(gridUrl)\n.withCapabilities(ltCapabilities.capabilities)\n.build();",
              "err": {},
              "uuid": "10415a01-375b-41f5-872b-e2ab7084cb02",
              "parentUUID": null,
              "isHook": true,
              "skipped": false
            }
          ],
          "afterHooks": [
            {
              "title": "\"after each\" hook in \"add todo tests\"",
              "fullTitle": "add todo tests \"after each\" hook in \"add todo tests\"",
              "timedOut": null,
              "duration": 870,
              "state": null,
              "speed": null,
              "pass": false,
              "fail": false,
              "pending": null,
              "context": null,
              "code": "await driver.quit();",
              "err": {},
              "uuid": "b3f408f5-3c04-457f-912b-574e1e8acf7b",
              "parentUUID": null,
              "isHook": true,
              "skipped": false
            }
          ],
          "tests": [
            {
              "title": "successfully add a todo to application",
              "fullTitle": "add todo tests successfully add a todo to application",
              "timedOut": null,
              "duration": 9052,
              "state": "passed",
              "speed": "slow",
              "pass": true,
              "fail": false,
              "pending": false,
              "context": null,
              "code": "//launch the browser\n//let driver =await new Builder().forBrowser(\"firefox\").build();\n\n//navigate to our application\nawait driver.get(\"https://lambdatest.github.io/sample-todo-app/\")\n//add a todo\nawait driver\n.findElement(By.id(\"sampletodotext\"))\n.sendKeys(\"Sab learns Selenium\", Key.RETURN);\n//assert\nlet todoText = await driver\n.findElement(By.css(\"ul>li:last-child\"))\n.getText()\n.then(function(value){\n    return value;\n});\n//assert using node assertion\nassert.strictEqual(todoText,\"Sab learns Selenium\");\n//assert using chai should\n//todoText.should.equal(\"Sab learn Selenium\");\n//close the browser\n//await driver.quit();",
              "err": {},
              "uuid": "92448aea-e695-4ecb-9072-cce86c0db383",
              "parentUUID": null,
              "isHook": false,
              "skipped": false
            }
          ],
          "suites": [],
          "passes": [
            "92448aea-e695-4ecb-9072-cce86c0db383"
          ],
          "failures": [],
          "pending": [],
          "skipped": [],
          "duration": 9052,
          "root": false,
          "rootEmpty": false,
          "_timeout": null
        }
      ],
      "passes": [],
      "failures": [],
      "pending": [],
      "skipped": [],
      "duration": 0,
      "root": true,
      "rootEmpty": true,
      "_timeout": 0
    }
  ],
  "meta": {
    "mocha": {
      "version": "10.3.0"
    },
    "mochawesome": {
      "options": {
        "quiet": false,
        "reportFilename": "mochawesome",
        "saveHtml": true,
        "saveJson": true,
        "consoleReporter": "spec",
        "useInlineDiffs": false,
        "code": true
      },
      "version": "7.1.3"
    },
    "marge": {
      "options": null,
      "version": "6.2.0"
    }
  }
}