{
  "stats": {
    "suites": 2,
    "tests": 2,
    "passes": 2,
    "pending": 0,
    "failures": 0,
    "start": "2024-03-11T12:45:14.858Z",
    "end": "2024-03-11T12:45:25.567Z",
    "duration": 10709,
    "testsRegistered": 2,
    "passPercent": 100,
    "pendingPercent": 0,
    "other": 0,
    "hasOther": false,
    "skipped": 0,
    "hasSkipped": false
  },
  "results": [
    {
      "uuid": "f041d59e-d601-412c-b418-c62fa4e6bde0",
      "title": "",
      "fullFile": "",
      "file": "",
      "beforeHooks": [],
      "afterHooks": [],
      "tests": [],
      "suites": [
        {
          "uuid": "997fc458-7ed2-4c65-8af5-2fa134459d73",
          "title": "add Second todo tests",
          "fullFile": "D:\\@MILK\\5. WORK\\GJW\\Auto\\Lambda\\seleniumDemo\\test\\secondTest.js",
          "file": "\\test\\secondTest.js",
          "beforeHooks": [],
          "afterHooks": [],
          "tests": [
            {
              "title": "successfully add a todo to application",
              "fullTitle": "add Second todo tests successfully add a todo to application",
              "timedOut": null,
              "duration": 5492,
              "state": "passed",
              "speed": "slow",
              "pass": true,
              "fail": false,
              "pending": false,
              "context": null,
              "code": "//launch the browser\nlet driver =await new Builder().forBrowser(\"firefox\").build();\n\n//navigate to our application\nawait driver.get(\"https://lambdatest.github.io/sample-todo-app/\")\n//add a todo\nawait driver.findElement(By.id(\"sampletodotext\")).sendKeys(\"Sab learns Selenium\", Key.RETURN);\n//assert\nlet todoText = await driver.findElement(By.css(\"ul>li:last-child\")).getText().then(function(value){\n    return value\n});\n//assert using node assertion\nassert.strictEqual(todoText,\"Sab learns Selenium\");\n//assert using chai should\n//todoText.should.equal(\"Sab learn Selenium\");\n//close the browser\nawait driver.quit();",
              "err": {},
              "uuid": "62680028-ba72-4916-a7e2-dcbce294f74d",
              "parentUUID": null,
              "isHook": false,
              "skipped": false
            }
          ],
          "suites": [],
          "passes": [
            "62680028-ba72-4916-a7e2-dcbce294f74d"
          ],
          "failures": [],
          "pending": [],
          "skipped": [],
          "duration": 5492,
          "root": false,
          "rootEmpty": false,
          "_timeout": null
        },
        {
          "uuid": "4b8d575a-3d9f-4a14-b905-bdecb2de1a6b",
          "title": "add todo tests",
          "fullFile": "D:\\@MILK\\5. WORK\\GJW\\Auto\\Lambda\\seleniumDemo\\test\\firstTest.js",
          "file": "\\test\\firstTest.js",
          "beforeHooks": [
            {
              "title": "\"before each\" hook in \"add todo tests\"",
              "fullTitle": "add todo tests \"before each\" hook in \"add todo tests\"",
              "timedOut": null,
              "duration": 3,
              "state": null,
              "speed": null,
              "pass": false,
              "fail": false,
              "pending": null,
              "context": null,
              "code": "//ltCapabilities.capabilities.name = this.currentTest.title;\ndriver = new Builder()\n.usingServer(gridUrl)\n.withCapabilities(ltCapabilities.capabilities)\n.build();",
              "err": {},
              "uuid": "4598bbd9-11d2-4796-8713-30997a95fd0b",
              "parentUUID": null,
              "isHook": true,
              "skipped": false
            }
          ],
          "afterHooks": [
            {
              "title": "\"after each\" hook in \"add todo tests\"",
              "fullTitle": "add todo tests \"after each\" hook in \"add todo tests\"",
              "timedOut": null,
              "duration": 1107,
              "state": null,
              "speed": null,
              "pass": false,
              "fail": false,
              "pending": null,
              "context": null,
              "code": "await driver.quit();",
              "err": {},
              "uuid": "4ae7a170-7fd1-401e-a0c2-9a14b41cdb34",
              "parentUUID": null,
              "isHook": true,
              "skipped": false
            }
          ],
          "tests": [
            {
              "title": "successfully add a todo to application",
              "fullTitle": "add todo tests successfully add a todo to application",
              "timedOut": null,
              "duration": 8804,
              "state": "passed",
              "speed": "slow",
              "pass": true,
              "fail": false,
              "pending": false,
              "context": null,
              "code": "//launch the browser\n//let driver =await new Builder().forBrowser(\"firefox\").build();\n\n//navigate to our application\nawait driver.get(\"https://lambdatest.github.io/sample-todo-app/\")\n//add a todo\nawait driver\n.findElement(By.id(\"sampletodotext\"))\n.sendKeys(\"Sab learns Selenium\", Key.RETURN);\n//assert\nlet todoText = await driver\n.findElement(By.css(\"ul>li:last-child\"))\n.getText()\n.then(function(value){\n    return value;\n});\n//assert using node assertion\nassert.strictEqual(todoText,\"Sab learns Selenium\");\n//assert using chai should\n//todoText.should.equal(\"Sab learn Selenium\");\n//close the browser\n//await driver.quit();",
              "err": {},
              "uuid": "75de99e6-23c6-499b-9927-4f2533650982",
              "parentUUID": null,
              "isHook": false,
              "skipped": false
            }
          ],
          "suites": [],
          "passes": [
            "75de99e6-23c6-499b-9927-4f2533650982"
          ],
          "failures": [],
          "pending": [],
          "skipped": [],
          "duration": 8804,
          "root": false,
          "rootEmpty": false,
          "_timeout": null
        }
      ],
      "passes": [],
      "failures": [],
      "pending": [],
      "skipped": [],
      "duration": 0,
      "root": true,
      "rootEmpty": true,
      "_timeout": 0
    }
  ],
  "meta": {
    "mocha": {
      "version": "10.3.0"
    },
    "mochawesome": {
      "options": {
        "quiet": false,
        "reportFilename": "mochawesome",
        "saveHtml": true,
        "saveJson": true,
        "consoleReporter": "spec",
        "useInlineDiffs": false,
        "code": true
      },
      "version": "7.1.3"
    },
    "marge": {
      "options": null,
      "version": "6.2.0"
    }
  }
}